<?xml version="1.0" encoding="UTF-8"?>
<robot generator="Robot 3.2.1 (Python 3.8.3 on win32)" generated="20200615 13:21:56.995" rpa="false">
<suite id="s1" name="CrossBrowserTest" source="C:\Users\Jaguar\eclipse-workspace\CrossBrowserTesting\CrossBrowserTest.robot">
<test id="s1-t1" name="Cross Browser Testing">
<kw name="Open Browser" library="SeleniumLibrary">
<doc>Opens a new browser instance to the optional ``url``.</doc>
<arguments>
<arg>${URL}</arg>
<arg>${FireFoxBrowser}</arg>
</arguments>
<msg timestamp="20200615 13:21:57.371" level="INFO">Opening browser 'ff' to base url 'https://www.google.com/'.</msg>
<msg timestamp="20200615 13:21:57.373" level="INFO">Firefox driver log is always forced to to: C:\Users\Jaguar\eclipse-workspace\CrossBrowserTesting\pabot_results\0\geckodriver-1.log</msg>
<status status="PASS" starttime="20200615 13:21:57.371" endtime="20200615 13:22:10.198"></status>
</kw>
<kw name="Maximize Browser Window" library="SeleniumLibrary">
<doc>Maximizes current browser window.</doc>
<status status="PASS" starttime="20200615 13:22:10.199" endtime="20200615 13:22:10.205"></status>
</kw>
<kw name="Sleep" library="BuiltIn">
<doc>Pauses the test executed for the given time.</doc>
<arguments>
<arg>10s</arg>
</arguments>
<msg timestamp="20200615 13:22:20.206" level="INFO">Slept 10 seconds</msg>
<status status="PASS" starttime="20200615 13:22:10.205" endtime="20200615 13:22:20.207"></status>
</kw>
<kw name="Close All Browsers" library="SeleniumLibrary">
<doc>Closes all open browsers and resets the browser cache.</doc>
<status status="PASS" starttime="20200615 13:22:20.207" endtime="20200615 13:22:25.038"></status>
</kw>
<status status="PASS" starttime="20200615 13:21:57.370" endtime="20200615 13:22:25.040" critical="yes"></status>
</test>
<status status="PASS" starttime="20200615 13:21:56.998" endtime="20200615 13:22:25.043"></status>
</suite>
<statistics>
<total>
<stat pass="1" fail="0">Critical Tests</stat>
<stat pass="1" fail="0">All Tests</stat>
</total>
<tag>
</tag>
<suite>
<stat pass="1" fail="0" id="s1" name="CrossBrowserTest">CrossBrowserTest</stat>
</suite>
</statistics>
<errors>
</errors>
</robot>
