<?xml version="1.0" encoding="UTF-8"?>
<robot generator="Robot 3.2.1 (Python 3.8.3 on win32)" generated="20200617 18:00:19.163" rpa="false">
<suite id="s1" name="CrossBrowserTesting" source="C:\Users\Jaguar\eclipse-workspace\CrossBrowserTesting">
<suite id="s1-s1" name="Firefox" source="C:\Users\Jaguar\eclipse-workspace\CrossBrowserTesting\Firefox.robot">
<test id="s1-s1-t1" name="Cross Browser Testing with Chrome Browser">
<kw name="Open Browser" library="SeleniumLibrary">
<doc>Opens a new browser instance to the optional ``url``.</doc>
<arguments>
<arg>${URL}</arg>
<arg>${FirefoxBrowser}</arg>
<arg>None</arg>
<arg>http://10.100.20.147:4444/wd/hub</arg>
</arguments>
<msg timestamp="20200617 18:00:19.676" level="INFO">Opening browser 'ff' to base url 'https://www.amazon.in/' through remote server at 'http://10.100.20.147:4444/wd/hub'.</msg>
<status status="PASS" starttime="20200617 18:00:19.675" endtime="20200617 18:00:41.290"></status>
</kw>
<doc>FireFox Browser with Amazon web site</doc>
<status status="PASS" starttime="20200617 18:00:19.673" endtime="20200617 18:00:41.292" critical="yes"></status>
</test>
<test id="s1-s1-t2" name="Get Amazon title">
<kw name="Sleep" library="BuiltIn">
<doc>Pauses the test executed for the given time.</doc>
<arguments>
<arg>5s</arg>
</arguments>
<msg timestamp="20200617 18:00:46.299" level="INFO">Slept 5 seconds</msg>
<status status="PASS" starttime="20200617 18:00:41.297" endtime="20200617 18:00:46.300"></status>
</kw>
<kw name="Get Element Attribute" library="SeleniumLibrary">
<doc>Returns the value of ``attribute`` from the element ``locator``.</doc>
<arguments>
<arg>xpath=.//a[@aria-label='Amazon']</arg>
<arg>aria-label</arg>
</arguments>
<assign>
<var>${GetValue}</var>
</assign>
<msg timestamp="20200617 18:00:48.600" level="INFO">${GetValue} = Amazon</msg>
<status status="PASS" starttime="20200617 18:00:46.301" endtime="20200617 18:00:48.600"></status>
</kw>
<kw name="Log To Console" library="BuiltIn">
<doc>Logs the given message to the console.</doc>
<arguments>
<arg>${GetValue}</arg>
</arguments>
<status status="PASS" starttime="20200617 18:00:48.601" endtime="20200617 18:00:48.604"></status>
</kw>
<kw name="Should Be Equal" library="BuiltIn">
<doc>Fails if the given objects are unequal.</doc>
<arguments>
<arg>${GetValue}</arg>
<arg>Amazon</arg>
</arguments>
<status status="PASS" starttime="20200617 18:00:48.605" endtime="20200617 18:00:48.606"></status>
</kw>
<kw name="Log To Console" library="BuiltIn">
<doc>Logs the given message to the console.</doc>
<arguments>
<arg>Amazon web site title verified successfully</arg>
</arguments>
<status status="PASS" starttime="20200617 18:00:48.607" endtime="20200617 18:00:48.608"></status>
</kw>
<status status="PASS" starttime="20200617 18:00:41.295" endtime="20200617 18:00:48.609" critical="yes"></status>
</test>
<test id="s1-s1-t3" name="Close browser">
<kw name="Sleep" library="BuiltIn">
<doc>Pauses the test executed for the given time.</doc>
<arguments>
<arg>10s</arg>
</arguments>
<msg timestamp="20200617 18:00:58.618" level="INFO">Slept 10 seconds</msg>
<status status="PASS" starttime="20200617 18:00:48.615" endtime="20200617 18:00:58.619"></status>
</kw>
<kw name="Close Browser" library="SeleniumLibrary">
<doc>Closes the current browser.</doc>
<status status="PASS" starttime="20200617 18:00:58.620" endtime="20200617 18:01:13.870"></status>
</kw>
<status status="PASS" starttime="20200617 18:00:48.612" endtime="20200617 18:01:13.872" critical="yes"></status>
</test>
<status status="PASS" starttime="20200617 18:00:19.254" endtime="20200617 18:01:13.877"></status>
</suite>
<status status="PASS" starttime="20200617 18:00:19.210" endtime="20200617 18:01:13.893"></status>
</suite>
<statistics>
<total>
<stat pass="3" fail="0">Critical Tests</stat>
<stat pass="3" fail="0">All Tests</stat>
</total>
<tag>
</tag>
<suite>
<stat pass="3" fail="0" id="s1" name="CrossBrowserTesting">CrossBrowserTesting</stat>
<stat pass="3" fail="0" id="s1-s1" name="Firefox">CrossBrowserTesting.Firefox</stat>
</suite>
</statistics>
<errors>
</errors>
</robot>
